Added Component: Designator=U?(Simcon_SIM800L_0)
Add component. Clean all parameters for all variants
Add component (AddParameter): Name = "ComponentLink1Description"; Value = "Upverter"; VariantName = "[No Variations]"
Add component (AddParameter): Name = "ComponentLink1URL"; Value = "https://upverter.com/upn/revision/984343d67e440aba/"; VariantName = "[No Variations]"
Add component (AddParameter): Name = "ComponentLink2Description"; Value = "Datasheet"; VariantName = "[No Variations]"
Add component (AddParameter): Name = "ComponentLink2URL"; Value = "http://simcomm2m.com/UploadFile/TechnicalFile/SIM800H&SIM800L_Hardware%20Design_V2.02.pdf"; VariantName = "[No Variations]"
Add component (AddParameter): Name = "helpURL"; Value = "https://upverter.com/upn/revision/984343d67e440aba/"; VariantName = "[No Variations]"
Add component (AddParameter): Name = "Lead Free"; Value = "yes"; VariantName = "[No Variations]"
Add component (AddParameter): Name = "Manufacturer"; Value = "Simcon"; VariantName = "[No Variations]"
Add component (AddParameter): Name = "Package"; Value = "MODULE_SMD"; VariantName = "[No Variations]"
Add component (AddParameter): Name = "Part Number"; Value = "SIM800L"; VariantName = "[No Variations]"
Add component (AddParameter): Name = "RoHS"; Value = "TRUE"; VariantName = "[No Variations]"
Add component (AddParameter): Name = "Supplier 1"; Value = "Digi-Key"; VariantName = "[No Variations]"
Add component (AddParameter): Name = "Supplier 2"; Value = "Mouser"; VariantName = "[No Variations]"
Add component (AddParameter): Name = "Supplier Part Number 1"; Value = ""; VariantName = "[No Variations]"
Add component (AddParameter): Name = "Supplier Part Number 2"; Value = ""; VariantName = "[No Variations]"
Add component (AddParameter): Name = "Temperature"; Value = "-40°C to +85°C"; VariantName = "[No Variations]"
Add component (AddParameter): Name = "Temperature Range High"; Value = "+85°C"; VariantName = "[No Variations]"
Add component (AddParameter): Name = "Temperature Range Low"; Value = "-40°C"; VariantName = "[No Variations]"
Added Class: Name=TTGO T-PCIE
Added Room: Name=TTGO T-PCIE
